<?xml version="1.0" encoding="UTF-8"?>
<!-- Generated by org.testng.reporters.JUnitReportReporter -->
<testsuite hostname="work-machine" name="com.briozing.automation.suites.CheckBalanceTest" tests="21" failures="0" timestamp="16 Jun 2020 16:16:31 GMT" time="362.908" errors="0">
  <testcase name="verify_check_balance_9" time="20.484" classname="com.briozing.automation.suites.CheckBalanceTest"/>
  <testcase name="verify_check_balance_21" time="17.079" classname="com.briozing.automation.suites.CheckBalanceTest"/>
  <testcase name="verify_check_balance_17" time="18.898" classname="com.briozing.automation.suites.CheckBalanceTest"/>
  <testcase name="verify_check_balance_19" time="19.584" classname="com.briozing.automation.suites.CheckBalanceTest"/>
  <testcase name="verify_check_balance_8" time="11.505" classname="com.briozing.automation.suites.CheckBalanceTest"/>
  <testcase name="verify_check_balance_10" time="13.640" classname="com.briozing.automation.suites.CheckBalanceTest"/>
  <testcase name="verify_check_balance_1" time="19.336" classname="com.briozing.automation.suites.CheckBalanceTest"/>
  <testcase name="verify_check_balance_20" time="19.088" classname="com.briozing.automation.suites.CheckBalanceTest"/>
  <testcase name="verify_check_balance_6" time="10.893" classname="com.briozing.automation.suites.CheckBalanceTest"/>
  <testcase name="verify_check_balance_13" time="16.580" classname="com.briozing.automation.suites.CheckBalanceTest"/>
  <testcase name="verify_check_balance_4" time="20.730" classname="com.briozing.automation.suites.CheckBalanceTest"/>
  <testcase name="verify_check_balance_16" time="19.284" classname="com.briozing.automation.suites.CheckBalanceTest"/>
  <testcase name="verify_check_balance_5" time="12.196" classname="com.briozing.automation.suites.CheckBalanceTest"/>
  <testcase name="verify_check_balance_7" time="19.837" classname="com.briozing.automation.suites.CheckBalanceTest"/>
  <testcase name="verify_check_balance_15" time="17.297" classname="com.briozing.automation.suites.CheckBalanceTest"/>
  <testcase name="verify_check_balance_18" time="18.798" classname="com.briozing.automation.suites.CheckBalanceTest"/>
  <testcase name="verify_check_balance_2" time="19.179" classname="com.briozing.automation.suites.CheckBalanceTest"/>
  <testcase name="verify_check_balance_3" time="20.195" classname="com.briozing.automation.suites.CheckBalanceTest"/>
  <testcase name="verify_check_balance_11" time="21.753" classname="com.briozing.automation.suites.CheckBalanceTest"/>
  <testcase name="verify_check_balance_12" time="12.230" classname="com.briozing.automation.suites.CheckBalanceTest"/>
  <testcase name="verify_check_balance_14" time="14.322" classname="com.briozing.automation.suites.CheckBalanceTest"/>
</testsuite> <!-- com.briozing.automation.suites.CheckBalanceTest -->
