<?xml version="1.0" encoding="UTF-8"?>
<!-- Generated by org.testng.reporters.JUnitReportReporter -->
<testsuite hostname="work-machine" name="com.briozing.automation.suites.CheckBalanceTest" tests="1" failures="0" timestamp="11 Jun 2020 14:55:50 GMT" time="26.656" errors="0">
  <testcase name="verify_check_balance_4" time="26.656" classname="com.briozing.automation.suites.CheckBalanceTest"/>
</testsuite> <!-- com.briozing.automation.suites.CheckBalanceTest -->
